Analysis & Synthesis report for ASIC
Fri Oct 23 14:44:29 2020
Quartus II 64-Bit Version 13.0.1 Build 232 06/12/2013 Service Pack 1 SJ Web Edition


---------------------
; Table of Contents ;
---------------------
  1. Legal Notice
  2. Analysis & Synthesis Summary
  3. Analysis & Synthesis Settings
  4. Parallel Compilation
  5. Analysis & Synthesis Source Files Read
  6. Analysis & Synthesis Resource Usage Summary
  7. Analysis & Synthesis Resource Utilization by Entity
  8. Registers Removed During Synthesis
  9. General Register Statistics
 10. Multiplexer Restructuring Statistics (Restructuring Performed)
 11. Parameter Settings for Inferred Entity Instance: Datapath:Datapath_inst1|ALU:ALU_inst2|lpm_add_sub:Add0
 12. Elapsed Time Per Partition
 13. Analysis & Synthesis Messages
 14. Analysis & Synthesis Suppressed Messages



----------------
; Legal Notice ;
----------------
Copyright (C) 1991-2013 Altera Corporation
Your use of Altera Corporation's design tools, logic functions 
and other software and tools, and its AMPP partner logic 
functions, and any output files from any of the foregoing 
(including device programming or simulation files), and any 
associated documentation or information are expressly subject 
to the terms and conditions of the Altera Program License 
Subscription Agreement, Altera MegaCore Function License 
Agreement, or other applicable license agreement, including, 
without limitation, that your use is for the sole purpose of 
programming logic devices manufactured by Altera and sold by 
Altera or its authorized distributors.  Please refer to the 
applicable agreement for further details.



+--------------------------------------------------------------------------------------+
; Analysis & Synthesis Summary                                                         ;
+------------------------------------+-------------------------------------------------+
; Analysis & Synthesis Status        ; Successful - Fri Oct 23 14:44:29 2020           ;
; Quartus II 64-Bit Version          ; 13.0.1 Build 232 06/12/2013 SP 1 SJ Web Edition ;
; Revision Name                      ; ASIC                                            ;
; Top-level Entity Name              ; ASIC                                            ;
; Family                             ; Cyclone II                                      ;
; Total logic elements               ; 387                                             ;
;     Total combinational functions  ; 307                                             ;
;     Dedicated logic registers      ; 133                                             ;
; Total registers                    ; 133                                             ;
; Total pins                         ; 34                                              ;
; Total virtual pins                 ; 0                                               ;
; Total memory bits                  ; 0                                               ;
; Embedded Multiplier 9-bit elements ; 0                                               ;
; Total PLLs                         ; 0                                               ;
+------------------------------------+-------------------------------------------------+


+----------------------------------------------------------------------------------------------------------------------+
; Analysis & Synthesis Settings                                                                                        ;
+----------------------------------------------------------------------------+--------------------+--------------------+
; Option                                                                     ; Setting            ; Default Value      ;
+----------------------------------------------------------------------------+--------------------+--------------------+
; Top-level entity name                                                      ; ASIC               ; ASIC               ;
; Family name                                                                ; Cyclone II         ; Cyclone IV GX      ;
; Use smart compilation                                                      ; Off                ; Off                ;
; Enable parallel Assembler and TimeQuest Timing Analyzer during compilation ; On                 ; On                 ;
; Enable compact report table                                                ; Off                ; Off                ;
; Restructure Multiplexers                                                   ; Auto               ; Auto               ;
; Create Debugging Nodes for IP Cores                                        ; Off                ; Off                ;
; Preserve fewer node names                                                  ; On                 ; On                 ;
; Disable OpenCore Plus hardware evaluation                                  ; Off                ; Off                ;
; Verilog Version                                                            ; Verilog_2001       ; Verilog_2001       ;
; VHDL Version                                                               ; VHDL_1993          ; VHDL_1993          ;
; State Machine Processing                                                   ; Auto               ; Auto               ;
; Safe State Machine                                                         ; Off                ; Off                ;
; Extract Verilog State Machines                                             ; On                 ; On                 ;
; Extract VHDL State Machines                                                ; On                 ; On                 ;
; Ignore Verilog initial constructs                                          ; Off                ; Off                ;
; Iteration limit for constant Verilog loops                                 ; 5000               ; 5000               ;
; Iteration limit for non-constant Verilog loops                             ; 250                ; 250                ;
; Add Pass-Through Logic to Inferred RAMs                                    ; On                 ; On                 ;
; Infer RAMs from Raw Logic                                                  ; On                 ; On                 ;
; Parallel Synthesis                                                         ; On                 ; On                 ;
; DSP Block Balancing                                                        ; Auto               ; Auto               ;
; NOT Gate Push-Back                                                         ; On                 ; On                 ;
; Power-Up Don't Care                                                        ; On                 ; On                 ;
; Remove Redundant Logic Cells                                               ; Off                ; Off                ;
; Remove Duplicate Registers                                                 ; On                 ; On                 ;
; Ignore CARRY Buffers                                                       ; Off                ; Off                ;
; Ignore CASCADE Buffers                                                     ; Off                ; Off                ;
; Ignore GLOBAL Buffers                                                      ; Off                ; Off                ;
; Ignore ROW GLOBAL Buffers                                                  ; Off                ; Off                ;
; Ignore LCELL Buffers                                                       ; Off                ; Off                ;
; Ignore SOFT Buffers                                                        ; On                 ; On                 ;
; Limit AHDL Integers to 32 Bits                                             ; Off                ; Off                ;
; Optimization Technique                                                     ; Balanced           ; Balanced           ;
; Carry Chain Length                                                         ; 70                 ; 70                 ;
; Auto Carry Chains                                                          ; On                 ; On                 ;
; Auto Open-Drain Pins                                                       ; On                 ; On                 ;
; Perform WYSIWYG Primitive Resynthesis                                      ; Off                ; Off                ;
; Auto ROM Replacement                                                       ; On                 ; On                 ;
; Auto RAM Replacement                                                       ; On                 ; On                 ;
; Auto Shift Register Replacement                                            ; Auto               ; Auto               ;
; Allow Shift Register Merging across Hierarchies                            ; Auto               ; Auto               ;
; Auto Clock Enable Replacement                                              ; On                 ; On                 ;
; Strict RAM Replacement                                                     ; Off                ; Off                ;
; Allow Synchronous Control Signals                                          ; On                 ; On                 ;
; Force Use of Synchronous Clear Signals                                     ; Off                ; Off                ;
; Auto RAM to Logic Cell Conversion                                          ; Off                ; Off                ;
; Auto Resource Sharing                                                      ; Off                ; Off                ;
; Allow Any RAM Size For Recognition                                         ; Off                ; Off                ;
; Allow Any ROM Size For Recognition                                         ; Off                ; Off                ;
; Allow Any Shift Register Size For Recognition                              ; Off                ; Off                ;
; Use LogicLock Constraints during Resource Balancing                        ; On                 ; On                 ;
; Ignore translate_off and synthesis_off directives                          ; Off                ; Off                ;
; Timing-Driven Synthesis                                                    ; Off                ; Off                ;
; Report Parameter Settings                                                  ; On                 ; On                 ;
; Report Source Assignments                                                  ; On                 ; On                 ;
; Report Connectivity Checks                                                 ; On                 ; On                 ;
; Ignore Maximum Fan-Out Assignments                                         ; Off                ; Off                ;
; Synchronization Register Chain Length                                      ; 2                  ; 2                  ;
; PowerPlay Power Optimization                                               ; Normal compilation ; Normal compilation ;
; HDL message level                                                          ; Level2             ; Level2             ;
; Suppress Register Optimization Related Messages                            ; Off                ; Off                ;
; Number of Removed Registers Reported in Synthesis Report                   ; 5000               ; 5000               ;
; Number of Swept Nodes Reported in Synthesis Report                         ; 5000               ; 5000               ;
; Number of Inverted Registers Reported in Synthesis Report                  ; 100                ; 100                ;
; Clock MUX Protection                                                       ; On                 ; On                 ;
; Auto Gated Clock Conversion                                                ; Off                ; Off                ;
; Block Design Naming                                                        ; Auto               ; Auto               ;
; SDC constraint protection                                                  ; Off                ; Off                ;
; Synthesis Effort                                                           ; Auto               ; Auto               ;
; Shift Register Replacement - Allow Asynchronous Clear Signal               ; On                 ; On                 ;
; Pre-Mapping Resynthesis Optimization                                       ; Off                ; Off                ;
; Analysis & Synthesis Message Level                                         ; Medium             ; Medium             ;
; Disable Register Merging Across Hierarchies                                ; Auto               ; Auto               ;
; Resource Aware Inference For Block RAM                                     ; On                 ; On                 ;
; Synthesis Seed                                                             ; 1                  ; 1                  ;
+----------------------------------------------------------------------------+--------------------+--------------------+


Parallel compilation was disabled, but you have multiple processors available. Enable parallel compilation to reduce compilation time.
+-------------------------------------+
; Parallel Compilation                ;
+----------------------------+--------+
; Processors                 ; Number ;
+----------------------------+--------+
; Number detected on machine ; 8      ;
; Maximum allowed            ; 1      ;
+----------------------------+--------+


+-------------------------------------------------------------------------------------------------------------------------------------------------------------------------+
; Analysis & Synthesis Source Files Read                                                                                                                                  ;
+----------------------------------+-----------------+------------------------------+---------------------------------------------------------------------------+---------+
; File Name with User-Entered Path ; Used in Netlist ; File Type                    ; File Name with Absolute Path                                              ; Library ;
+----------------------------------+-----------------+------------------------------+---------------------------------------------------------------------------+---------+
; register.v                       ; yes             ; User Verilog HDL File        ; F:/VerilogHDL/Lab3/register.v                                             ;         ;
; MooreFSM.v                       ; yes             ; User Verilog HDL File        ; F:/VerilogHDL/Lab3/MooreFSM.v                                             ;         ;
; ASIC.v                           ; yes             ; User Verilog HDL File        ; F:/VerilogHDL/Lab3/ASIC.v                                                 ;         ;
; RegisterFile.v                   ; yes             ; User Verilog HDL File        ; F:/VerilogHDL/Lab3/RegisterFile.v                                         ;         ;
; ALU.v                            ; yes             ; User Verilog HDL File        ; F:/VerilogHDL/Lab3/ALU.v                                                  ;         ;
; ShiftLeft.v                      ; yes             ; User Verilog HDL File        ; F:/VerilogHDL/Lab3/ShiftLeft.v                                            ;         ;
; Reg.v                            ; yes             ; User Verilog HDL File        ; F:/VerilogHDL/Lab3/Reg.v                                                  ;         ;
; ControlUnit.v                    ; yes             ; User Verilog HDL File        ; F:/VerilogHDL/Lab3/ControlUnit.v                                          ;         ;
; NextState.v                      ; yes             ; User Verilog HDL File        ; F:/VerilogHDL/Lab3/NextState.v                                            ;         ;
; Datapath.v                       ; yes             ; User Verilog HDL File        ; F:/VerilogHDL/Lab3/Datapath.v                                             ;         ;
; lpm_add_sub.tdf                  ; yes             ; Megafunction                 ; c:/altera/13.0sp1/quartus/libraries/megafunctions/lpm_add_sub.tdf         ;         ;
; addcore.inc                      ; yes             ; Megafunction                 ; c:/altera/13.0sp1/quartus/libraries/megafunctions/addcore.inc             ;         ;
; look_add.inc                     ; yes             ; Megafunction                 ; c:/altera/13.0sp1/quartus/libraries/megafunctions/look_add.inc            ;         ;
; bypassff.inc                     ; yes             ; Megafunction                 ; c:/altera/13.0sp1/quartus/libraries/megafunctions/bypassff.inc            ;         ;
; altshift.inc                     ; yes             ; Megafunction                 ; c:/altera/13.0sp1/quartus/libraries/megafunctions/altshift.inc            ;         ;
; alt_stratix_add_sub.inc          ; yes             ; Megafunction                 ; c:/altera/13.0sp1/quartus/libraries/megafunctions/alt_stratix_add_sub.inc ;         ;
; aglobal130.inc                   ; yes             ; Megafunction                 ; c:/altera/13.0sp1/quartus/libraries/megafunctions/aglobal130.inc          ;         ;
; db/add_sub_9ri.tdf               ; yes             ; Auto-Generated Megafunction  ; F:/VerilogHDL/Lab3/db/add_sub_9ri.tdf                                     ;         ;
+----------------------------------+-----------------+------------------------------+---------------------------------------------------------------------------+---------+


+-----------------------------------------------------+
; Analysis & Synthesis Resource Usage Summary         ;
+---------------------------------------------+-------+
; Resource                                    ; Usage ;
+---------------------------------------------+-------+
; Estimated Total logic elements              ; 387   ;
;                                             ;       ;
; Total combinational functions               ; 307   ;
; Logic element usage by number of LUT inputs ;       ;
;     -- 4 input functions                    ; 191   ;
;     -- 3 input functions                    ; 85    ;
;     -- <=2 input functions                  ; 31    ;
;                                             ;       ;
; Logic elements by mode                      ;       ;
;     -- normal mode                          ; 287   ;
;     -- arithmetic mode                      ; 20    ;
;                                             ;       ;
; Total registers                             ; 133   ;
;     -- Dedicated logic registers            ; 133   ;
;     -- I/O registers                        ; 0     ;
;                                             ;       ;
; I/O pins                                    ; 34    ;
; Embedded Multiplier 9-bit elements          ; 0     ;
; Maximum fan-out node                        ; CLK   ;
; Maximum fan-out                             ; 133   ;
; Total fan-out                               ; 1475  ;
; Average fan-out                             ; 3.11  ;
+---------------------------------------------+-------+


+---------------------------------------------------------------------------------------------------------------------------------------------------------------------------------------------------------------------------------------------------------------+
; Analysis & Synthesis Resource Utilization by Entity                                                                                                                                                                                                           ;
+------------------------------------------+-------------------+--------------+-------------+--------------+---------+-----------+------+--------------+-----------------------------------------------------------------------------------------+--------------+
; Compilation Hierarchy Node               ; LC Combinationals ; LC Registers ; Memory Bits ; DSP Elements ; DSP 9x9 ; DSP 18x18 ; Pins ; Virtual Pins ; Full Hierarchy Name                                                                     ; Library Name ;
+------------------------------------------+-------------------+--------------+-------------+--------------+---------+-----------+------+--------------+-----------------------------------------------------------------------------------------+--------------+
; |ASIC                                    ; 307 (0)           ; 133 (0)      ; 0           ; 0            ; 0       ; 0         ; 34   ; 0            ; |ASIC                                                                                   ; work         ;
;    |ControlUnit:ControlUnit_inst0|       ; 22 (22)           ; 0 (0)        ; 0           ; 0            ; 0       ; 0         ; 0    ; 0            ; |ASIC|ControlUnit:ControlUnit_inst0                                                     ; work         ;
;    |Datapath:Datapath_inst1|             ; 278 (0)           ; 128 (0)      ; 0           ; 0            ; 0       ; 0         ; 0    ; 0            ; |ASIC|Datapath:Datapath_inst1                                                           ; work         ;
;       |ALU:ALU_inst2|                    ; 33 (0)            ; 0 (0)        ; 0           ; 0            ; 0       ; 0         ; 0    ; 0            ; |ASIC|Datapath:Datapath_inst1|ALU:ALU_inst2                                             ; work         ;
;          |lpm_add_sub:Add0|              ; 33 (0)            ; 0 (0)        ; 0           ; 0            ; 0       ; 0         ; 0    ; 0            ; |ASIC|Datapath:Datapath_inst1|ALU:ALU_inst2|lpm_add_sub:Add0                            ; work         ;
;             |add_sub_9ri:auto_generated| ; 33 (33)           ; 0 (0)        ; 0           ; 0            ; 0       ; 0         ; 0    ; 0            ; |ASIC|Datapath:Datapath_inst1|ALU:ALU_inst2|lpm_add_sub:Add0|add_sub_9ri:auto_generated ; work         ;
;       |Reg:Reg_inst4|                    ; 18 (18)           ; 16 (16)      ; 0           ; 0            ; 0       ; 0         ; 0    ; 0            ; |ASIC|Datapath:Datapath_inst1|Reg:Reg_inst4                                             ; work         ;
;       |RegisterFile:RegisterFile_inst1|  ; 189 (189)         ; 112 (112)    ; 0           ; 0            ; 0       ; 0         ; 0    ; 0            ; |ASIC|Datapath:Datapath_inst1|RegisterFile:RegisterFile_inst1                           ; work         ;
;       |ShiftLeft:ShiftLeft_inst3|        ; 38 (38)           ; 0 (0)        ; 0           ; 0            ; 0       ; 0         ; 0    ; 0            ; |ASIC|Datapath:Datapath_inst1|ShiftLeft:ShiftLeft_inst3                                 ; work         ;
;    |MooreFSM:MooreFSM_inst2|             ; 7 (0)             ; 5 (0)        ; 0           ; 0            ; 0       ; 0         ; 0    ; 0            ; |ASIC|MooreFSM:MooreFSM_inst2                                                           ; work         ;
;       |NextState:NextState_inst0|        ; 7 (7)             ; 0 (0)        ; 0           ; 0            ; 0       ; 0         ; 0    ; 0            ; |ASIC|MooreFSM:MooreFSM_inst2|NextState:NextState_inst0                                 ; work         ;
;       |register:register_inst1|          ; 0 (0)             ; 5 (5)        ; 0           ; 0            ; 0       ; 0         ; 0    ; 0            ; |ASIC|MooreFSM:MooreFSM_inst2|register:register_inst1                                   ; work         ;
+------------------------------------------+-------------------+--------------+-------------+--------------+---------+-----------+------+--------------+-----------------------------------------------------------------------------------------+--------------+
Note: For table entries with two numbers listed, the numbers in parentheses indicate the number of resources of the given type used by the specific entity alone. The numbers listed outside of parentheses indicate the total resources of the given type used by the specific entity and all of its sub-entities in the hierarchy.


+-----------------------------------------------------------------------------------------------------------------------+
; Registers Removed During Synthesis                                                                                    ;
+-------------------------------------------------------------------------+---------------------------------------------+
; Register name                                                           ; Reason for Removal                          ;
+-------------------------------------------------------------------------+---------------------------------------------+
; Datapath:Datapath_inst1|RegisterFile:RegisterFile_inst1|register[7][0]  ; Stuck at GND due to stuck port clock_enable ;
; Datapath:Datapath_inst1|RegisterFile:RegisterFile_inst1|register[7][1]  ; Stuck at GND due to stuck port clock_enable ;
; Datapath:Datapath_inst1|RegisterFile:RegisterFile_inst1|register[7][2]  ; Stuck at GND due to stuck port clock_enable ;
; Datapath:Datapath_inst1|RegisterFile:RegisterFile_inst1|register[7][3]  ; Stuck at GND due to stuck port clock_enable ;
; Datapath:Datapath_inst1|RegisterFile:RegisterFile_inst1|register[7][4]  ; Stuck at GND due to stuck port clock_enable ;
; Datapath:Datapath_inst1|RegisterFile:RegisterFile_inst1|register[7][5]  ; Stuck at GND due to stuck port clock_enable ;
; Datapath:Datapath_inst1|RegisterFile:RegisterFile_inst1|register[7][6]  ; Stuck at GND due to stuck port clock_enable ;
; Datapath:Datapath_inst1|RegisterFile:RegisterFile_inst1|register[7][7]  ; Stuck at GND due to stuck port clock_enable ;
; Datapath:Datapath_inst1|RegisterFile:RegisterFile_inst1|register[7][8]  ; Stuck at GND due to stuck port clock_enable ;
; Datapath:Datapath_inst1|RegisterFile:RegisterFile_inst1|register[7][9]  ; Stuck at GND due to stuck port clock_enable ;
; Datapath:Datapath_inst1|RegisterFile:RegisterFile_inst1|register[7][10] ; Stuck at GND due to stuck port clock_enable ;
; Datapath:Datapath_inst1|RegisterFile:RegisterFile_inst1|register[7][11] ; Stuck at GND due to stuck port clock_enable ;
; Datapath:Datapath_inst1|RegisterFile:RegisterFile_inst1|register[7][12] ; Stuck at GND due to stuck port clock_enable ;
; Datapath:Datapath_inst1|RegisterFile:RegisterFile_inst1|register[7][13] ; Stuck at GND due to stuck port clock_enable ;
; Datapath:Datapath_inst1|RegisterFile:RegisterFile_inst1|register[7][14] ; Stuck at GND due to stuck port clock_enable ;
; Datapath:Datapath_inst1|RegisterFile:RegisterFile_inst1|register[7][15] ; Stuck at GND due to stuck port clock_enable ;
; Total Number of Removed Registers = 16                                  ;                                             ;
+-------------------------------------------------------------------------+---------------------------------------------+


+------------------------------------------------------+
; General Register Statistics                          ;
+----------------------------------------------+-------+
; Statistic                                    ; Value ;
+----------------------------------------------+-------+
; Total registers                              ; 133   ;
; Number of registers using Synchronous Clear  ; 0     ;
; Number of registers using Synchronous Load   ; 0     ;
; Number of registers using Asynchronous Clear ; 0     ;
; Number of registers using Asynchronous Load  ; 0     ;
; Number of registers using Clock Enable       ; 112   ;
; Number of registers using Preset             ; 0     ;
+----------------------------------------------+-------+


+---------------------------------------------------------------------------------------------------------------------------------------------------------------------------------------------+
; Multiplexer Restructuring Statistics (Restructuring Performed)                                                                                                                              ;
+--------------------+-----------+---------------+----------------------+------------------------+------------+-------------------------------------------------------------------------------+
; Multiplexer Inputs ; Bus Width ; Baseline Area ; Area if Restructured ; Saving if Restructured ; Registered ; Example Multiplexer Output                                                    ;
+--------------------+-----------+---------------+----------------------+------------------------+------------+-------------------------------------------------------------------------------+
; 4:1                ; 16 bits   ; 32 LEs        ; 16 LEs               ; 16 LEs                 ; Yes        ; |ASIC|Datapath:Datapath_inst1|RegisterFile:RegisterFile_inst1|register[6][1]  ;
; 4:1                ; 16 bits   ; 32 LEs        ; 16 LEs               ; 16 LEs                 ; Yes        ; |ASIC|Datapath:Datapath_inst1|RegisterFile:RegisterFile_inst1|register[7][3]  ;
; 4:1                ; 16 bits   ; 32 LEs        ; 16 LEs               ; 16 LEs                 ; Yes        ; |ASIC|Datapath:Datapath_inst1|RegisterFile:RegisterFile_inst1|register[4][4]  ;
; 4:1                ; 16 bits   ; 32 LEs        ; 16 LEs               ; 16 LEs                 ; Yes        ; |ASIC|Datapath:Datapath_inst1|RegisterFile:RegisterFile_inst1|register[5][11] ;
; 4:1                ; 16 bits   ; 32 LEs        ; 16 LEs               ; 16 LEs                 ; Yes        ; |ASIC|Datapath:Datapath_inst1|RegisterFile:RegisterFile_inst1|register[2][15] ;
; 4:1                ; 16 bits   ; 32 LEs        ; 16 LEs               ; 16 LEs                 ; Yes        ; |ASIC|Datapath:Datapath_inst1|RegisterFile:RegisterFile_inst1|register[3][9]  ;
; 4:1                ; 16 bits   ; 32 LEs        ; 16 LEs               ; 16 LEs                 ; Yes        ; |ASIC|Datapath:Datapath_inst1|RegisterFile:RegisterFile_inst1|register[1][8]  ;
; 5:1                ; 16 bits   ; 48 LEs        ; 16 LEs               ; 32 LEs                 ; Yes        ; |ASIC|Datapath:Datapath_inst1|RegisterFile:RegisterFile_inst1|register[0][5]  ;
; 8:1                ; 16 bits   ; 80 LEs        ; 80 LEs               ; 0 LEs                  ; No         ; |ASIC|Datapath:Datapath_inst1|RegisterFile:RegisterFile_inst1|Mux5            ;
; 8:1                ; 16 bits   ; 80 LEs        ; 80 LEs               ; 0 LEs                  ; No         ; |ASIC|Datapath:Datapath_inst1|RegisterFile:RegisterFile_inst1|Mux30           ;
+--------------------+-----------+---------------+----------------------+------------------------+------------+-------------------------------------------------------------------------------+


+---------------------------------------------------------------------------------------------------------+
; Parameter Settings for Inferred Entity Instance: Datapath:Datapath_inst1|ALU:ALU_inst2|lpm_add_sub:Add0 ;
+------------------------+-------------+------------------------------------------------------------------+
; Parameter Name         ; Value       ; Type                                                             ;
+------------------------+-------------+------------------------------------------------------------------+
; LPM_WIDTH              ; 16          ; Untyped                                                          ;
; LPM_REPRESENTATION     ; UNSIGNED    ; Untyped                                                          ;
; LPM_DIRECTION          ; DEFAULT     ; Untyped                                                          ;
; ONE_INPUT_IS_CONSTANT  ; NO          ; Untyped                                                          ;
; LPM_PIPELINE           ; 0           ; Untyped                                                          ;
; MAXIMIZE_SPEED         ; 5           ; Untyped                                                          ;
; REGISTERED_AT_END      ; 0           ; Untyped                                                          ;
; OPTIMIZE_FOR_SPEED     ; 5           ; Untyped                                                          ;
; USE_CS_BUFFERS         ; 1           ; Untyped                                                          ;
; CARRY_CHAIN            ; MANUAL      ; Untyped                                                          ;
; CARRY_CHAIN_LENGTH     ; 48          ; CARRY_CHAIN_LENGTH                                               ;
; DEVICE_FAMILY          ; Cyclone II  ; Untyped                                                          ;
; USE_WYS                ; OFF         ; Untyped                                                          ;
; STYLE                  ; FAST        ; Untyped                                                          ;
; CBXI_PARAMETER         ; add_sub_9ri ; Untyped                                                          ;
; AUTO_CARRY_CHAINS      ; ON          ; AUTO_CARRY                                                       ;
; IGNORE_CARRY_BUFFERS   ; OFF         ; IGNORE_CARRY                                                     ;
; AUTO_CASCADE_CHAINS    ; ON          ; AUTO_CASCADE                                                     ;
; IGNORE_CASCADE_BUFFERS ; OFF         ; IGNORE_CASCADE                                                   ;
+------------------------+-------------+------------------------------------------------------------------+
Note: In order to hide this table in the UI and the text report file, please set the "Show Parameter Settings in Synthesis Report" option in "Analysis and Synthesis Settings -> More Settings" to "Off".


+-------------------------------+
; Elapsed Time Per Partition    ;
+----------------+--------------+
; Partition Name ; Elapsed Time ;
+----------------+--------------+
; Top            ; 00:00:01     ;
+----------------+--------------+


+-------------------------------+
; Analysis & Synthesis Messages ;
+-------------------------------+
Info: *******************************************************************
Info: Running Quartus II 64-Bit Analysis & Synthesis
    Info: Version 13.0.1 Build 232 06/12/2013 Service Pack 1 SJ Web Edition
    Info: Processing started: Fri Oct 23 14:44:25 2020
Info: Command: quartus_map --read_settings_files=on --write_settings_files=off ASIC -c ASIC
Warning (20028): Parallel compilation is not licensed and has been disabled
Info (12021): Found 1 design units, including 1 entities, in source file register.v
    Info (12023): Found entity 1: register
Info (12021): Found 1 design units, including 1 entities, in source file moorefsm.v
    Info (12023): Found entity 1: MooreFSM
Info (12021): Found 1 design units, including 1 entities, in source file regfile.v
    Info (12023): Found entity 1: regfile
Info (12021): Found 1 design units, including 1 entities, in source file asic.v
    Info (12023): Found entity 1: ASIC
Info (12021): Found 1 design units, including 1 entities, in source file registerfile.v
    Info (12023): Found entity 1: RegisterFile
Info (12021): Found 1 design units, including 1 entities, in source file alu.v
    Info (12023): Found entity 1: ALU
Info (12021): Found 1 design units, including 1 entities, in source file shiftleft.v
    Info (12023): Found entity 1: ShiftLeft
Info (12021): Found 1 design units, including 1 entities, in source file reg.v
    Info (12023): Found entity 1: Reg
Info (12021): Found 1 design units, including 1 entities, in source file controlunit.v
    Info (12023): Found entity 1: ControlUnit
Info (12021): Found 1 design units, including 1 entities, in source file nextstate.v
    Info (12023): Found entity 1: NextState
Info (12021): Found 1 design units, including 1 entities, in source file datapath.v
    Info (12023): Found entity 1: Datapath
Info (12127): Elaborating entity "ASIC" for the top level hierarchy
Info (12128): Elaborating entity "ControlUnit" for hierarchy "ControlUnit:ControlUnit_inst0"
Info (12128): Elaborating entity "Datapath" for hierarchy "Datapath:Datapath_inst1"
Info (12128): Elaborating entity "RegisterFile" for hierarchy "Datapath:Datapath_inst1|RegisterFile:RegisterFile_inst1"
Info (12128): Elaborating entity "ALU" for hierarchy "Datapath:Datapath_inst1|ALU:ALU_inst2"
Info (12128): Elaborating entity "ShiftLeft" for hierarchy "Datapath:Datapath_inst1|ShiftLeft:ShiftLeft_inst3"
Info (12128): Elaborating entity "Reg" for hierarchy "Datapath:Datapath_inst1|Reg:Reg_inst4"
Info (12128): Elaborating entity "MooreFSM" for hierarchy "MooreFSM:MooreFSM_inst2"
Info (12128): Elaborating entity "NextState" for hierarchy "MooreFSM:MooreFSM_inst2|NextState:NextState_inst0"
Info (12128): Elaborating entity "register" for hierarchy "MooreFSM:MooreFSM_inst2|register:register_inst1"
Info (278001): Inferred 1 megafunctions from design logic
    Info (278002): Inferred adder/subtractor megafunction ("lpm_add_sub") from the following logic: "Datapath:Datapath_inst1|ALU:ALU_inst2|Add0"
Info (12130): Elaborated megafunction instantiation "Datapath:Datapath_inst1|ALU:ALU_inst2|lpm_add_sub:Add0"
Info (12133): Instantiated megafunction "Datapath:Datapath_inst1|ALU:ALU_inst2|lpm_add_sub:Add0" with the following parameter:
    Info (12134): Parameter "LPM_WIDTH" = "16"
    Info (12134): Parameter "LPM_DIRECTION" = "DEFAULT"
    Info (12134): Parameter "LPM_REPRESENTATION" = "UNSIGNED"
    Info (12134): Parameter "ONE_INPUT_IS_CONSTANT" = "NO"
Info (12021): Found 1 design units, including 1 entities, in source file db/add_sub_9ri.tdf
    Info (12023): Found entity 1: add_sub_9ri
Info (144001): Generated suppressed messages file F:/VerilogHDL/Lab3/output_files/ASIC.map.smsg
Info (16010): Generating hard_block partition "hard_block:auto_generated_inst"
    Info (16011): Adding 0 node(s), including 0 DDIO, 0 PLL, 0 transceiver and 0 LCELL
Info (21057): Implemented 437 device resources after synthesis - the final resource count might be different
    Info (21058): Implemented 17 input pins
    Info (21059): Implemented 17 output pins
    Info (21061): Implemented 403 logic cells
Info: Quartus II 64-Bit Analysis & Synthesis was successful. 0 errors, 1 warning
    Info: Peak virtual memory: 4598 megabytes
    Info: Processing ended: Fri Oct 23 14:44:29 2020
    Info: Elapsed time: 00:00:04
    Info: Total CPU time (on all processors): 00:00:04


+------------------------------------------+
; Analysis & Synthesis Suppressed Messages ;
+------------------------------------------+
The suppressed messages can be found in F:/VerilogHDL/Lab3/output_files/ASIC.map.smsg.


