Analysis & Synthesis report for 16bit_Processer
Sat Nov 28 14:22:28 2020
Quartus II 64-Bit Version 13.0.1 Build 232 06/12/2013 Service Pack 1 SJ Web Edition


---------------------
; Table of Contents ;
---------------------
  1. Legal Notice
  2. Analysis & Synthesis Summary
  3. Analysis & Synthesis Settings
  4. Parallel Compilation
  5. Analysis & Synthesis Source Files Read
  6. Analysis & Synthesis Resource Usage Summary
  7. Analysis & Synthesis Resource Utilization by Entity
  8. Registers Removed During Synthesis
  9. General Register Statistics
 10. Multiplexer Restructuring Statistics (Restructuring Performed)
 11. Parameter Settings for User Entity Instance: Datapath:Datapath_inst1|Mux5bit:PCSrcBlock
 12. Parameter Settings for User Entity Instance: Datapath:Datapath_inst1|Mux3bit:RegSrcBlock
 13. Parameter Settings for User Entity Instance: Datapath:Datapath_inst1|Mux16bit:ALUSrcBlock
 14. Parameter Settings for User Entity Instance: Datapath:Datapath_inst1|Mux16bit:WrSrcBlock
 15. Port Connectivity Checks: "Datapath:Datapath_inst1|AddConst:AddConstBlock"
 16. Elapsed Time Per Partition
 17. Analysis & Synthesis Messages



----------------
; Legal Notice ;
----------------
Copyright (C) 1991-2013 Altera Corporation
Your use of Altera Corporation's design tools, logic functions 
and other software and tools, and its AMPP partner logic 
functions, and any output files from any of the foregoing 
(including device programming or simulation files), and any 
associated documentation or information are expressly subject 
to the terms and conditions of the Altera Program License 
Subscription Agreement, Altera MegaCore Function License 
Agreement, or other applicable license agreement, including, 
without limitation, that your use is for the sole purpose of 
programming logic devices manufactured by Altera and sold by 
Altera or its authorized distributors.  Please refer to the 
applicable agreement for further details.



+--------------------------------------------------------------------------------------+
; Analysis & Synthesis Summary                                                         ;
+------------------------------------+-------------------------------------------------+
; Analysis & Synthesis Status        ; Successful - Sat Nov 28 14:22:28 2020           ;
; Quartus II 64-Bit Version          ; 13.0.1 Build 232 06/12/2013 SP 1 SJ Web Edition ;
; Revision Name                      ; 16bit_Processer                                 ;
; Top-level Entity Name              ; Processer_16bit                                 ;
; Family                             ; Cyclone II                                      ;
; Total logic elements               ; 803                                             ;
;     Total combinational functions  ; 595                                             ;
;     Dedicated logic registers      ; 245                                             ;
; Total registers                    ; 245                                             ;
; Total pins                         ; 80                                              ;
; Total virtual pins                 ; 0                                               ;
; Total memory bits                  ; 0                                               ;
; Embedded Multiplier 9-bit elements ; 0                                               ;
; Total PLLs                         ; 0                                               ;
+------------------------------------+-------------------------------------------------+


+----------------------------------------------------------------------------------------------------------------------+
; Analysis & Synthesis Settings                                                                                        ;
+----------------------------------------------------------------------------+--------------------+--------------------+
; Option                                                                     ; Setting            ; Default Value      ;
+----------------------------------------------------------------------------+--------------------+--------------------+
; Device                                                                     ; EP2C35F672C6       ;                    ;
; Top-level entity name                                                      ; Processer_16bit    ; 16bit_Processer    ;
; Family name                                                                ; Cyclone II         ; Cyclone IV GX      ;
; Use smart compilation                                                      ; Off                ; Off                ;
; Enable parallel Assembler and TimeQuest Timing Analyzer during compilation ; On                 ; On                 ;
; Enable compact report table                                                ; Off                ; Off                ;
; Restructure Multiplexers                                                   ; Auto               ; Auto               ;
; Create Debugging Nodes for IP Cores                                        ; Off                ; Off                ;
; Preserve fewer node names                                                  ; On                 ; On                 ;
; Disable OpenCore Plus hardware evaluation                                  ; Off                ; Off                ;
; Verilog Version                                                            ; Verilog_2001       ; Verilog_2001       ;
; VHDL Version                                                               ; VHDL_1993          ; VHDL_1993          ;
; State Machine Processing                                                   ; Auto               ; Auto               ;
; Safe State Machine                                                         ; Off                ; Off                ;
; Extract Verilog State Machines                                             ; On                 ; On                 ;
; Extract VHDL State Machines                                                ; On                 ; On                 ;
; Ignore Verilog initial constructs                                          ; Off                ; Off                ;
; Iteration limit for constant Verilog loops                                 ; 5000               ; 5000               ;
; Iteration limit for non-constant Verilog loops                             ; 250                ; 250                ;
; Add Pass-Through Logic to Inferred RAMs                                    ; On                 ; On                 ;
; Infer RAMs from Raw Logic                                                  ; On                 ; On                 ;
; Parallel Synthesis                                                         ; On                 ; On                 ;
; DSP Block Balancing                                                        ; Auto               ; Auto               ;
; NOT Gate Push-Back                                                         ; On                 ; On                 ;
; Power-Up Don't Care                                                        ; On                 ; On                 ;
; Remove Redundant Logic Cells                                               ; Off                ; Off                ;
; Remove Duplicate Registers                                                 ; On                 ; On                 ;
; Ignore CARRY Buffers                                                       ; Off                ; Off                ;
; Ignore CASCADE Buffers                                                     ; Off                ; Off                ;
; Ignore GLOBAL Buffers                                                      ; Off                ; Off                ;
; Ignore ROW GLOBAL Buffers                                                  ; Off                ; Off                ;
; Ignore LCELL Buffers                                                       ; Off                ; Off                ;
; Ignore SOFT Buffers                                                        ; On                 ; On                 ;
; Limit AHDL Integers to 32 Bits                                             ; Off                ; Off                ;
; Optimization Technique                                                     ; Balanced           ; Balanced           ;
; Carry Chain Length                                                         ; 70                 ; 70                 ;
; Auto Carry Chains                                                          ; On                 ; On                 ;
; Auto Open-Drain Pins                                                       ; On                 ; On                 ;
; Perform WYSIWYG Primitive Resynthesis                                      ; Off                ; Off                ;
; Auto ROM Replacement                                                       ; On                 ; On                 ;
; Auto RAM Replacement                                                       ; On                 ; On                 ;
; Auto Shift Register Replacement                                            ; Auto               ; Auto               ;
; Allow Shift Register Merging across Hierarchies                            ; Auto               ; Auto               ;
; Auto Clock Enable Replacement                                              ; On                 ; On                 ;
; Strict RAM Replacement                                                     ; Off                ; Off                ;
; Allow Synchronous Control Signals                                          ; On                 ; On                 ;
; Force Use of Synchronous Clear Signals                                     ; Off                ; Off                ;
; Auto RAM to Logic Cell Conversion                                          ; Off                ; Off                ;
; Auto Resource Sharing                                                      ; Off                ; Off                ;
; Allow Any RAM Size For Recognition                                         ; Off                ; Off                ;
; Allow Any ROM Size For Recognition                                         ; Off                ; Off                ;
; Allow Any Shift Register Size For Recognition                              ; Off                ; Off                ;
; Use LogicLock Constraints during Resource Balancing                        ; On                 ; On                 ;
; Ignore translate_off and synthesis_off directives                          ; Off                ; Off                ;
; Timing-Driven Synthesis                                                    ; Off                ; Off                ;
; Report Parameter Settings                                                  ; On                 ; On                 ;
; Report Source Assignments                                                  ; On                 ; On                 ;
; Report Connectivity Checks                                                 ; On                 ; On                 ;
; Ignore Maximum Fan-Out Assignments                                         ; Off                ; Off                ;
; Synchronization Register Chain Length                                      ; 2                  ; 2                  ;
; PowerPlay Power Optimization                                               ; Normal compilation ; Normal compilation ;
; HDL message level                                                          ; Level2             ; Level2             ;
; Suppress Register Optimization Related Messages                            ; Off                ; Off                ;
; Number of Removed Registers Reported in Synthesis Report                   ; 5000               ; 5000               ;
; Number of Swept Nodes Reported in Synthesis Report                         ; 5000               ; 5000               ;
; Number of Inverted Registers Reported in Synthesis Report                  ; 100                ; 100                ;
; Clock MUX Protection                                                       ; On                 ; On                 ;
; Auto Gated Clock Conversion                                                ; Off                ; Off                ;
; Block Design Naming                                                        ; Auto               ; Auto               ;
; SDC constraint protection                                                  ; Off                ; Off                ;
; Synthesis Effort                                                           ; Auto               ; Auto               ;
; Shift Register Replacement - Allow Asynchronous Clear Signal               ; On                 ; On                 ;
; Pre-Mapping Resynthesis Optimization                                       ; Off                ; Off                ;
; Analysis & Synthesis Message Level                                         ; Medium             ; Medium             ;
; Disable Register Merging Across Hierarchies                                ; Auto               ; Auto               ;
; Resource Aware Inference For Block RAM                                     ; On                 ; On                 ;
; Synthesis Seed                                                             ; 1                  ; 1                  ;
+----------------------------------------------------------------------------+--------------------+--------------------+


Parallel compilation was disabled, but you have multiple processors available. Enable parallel compilation to reduce compilation time.
+-------------------------------------+
; Parallel Compilation                ;
+----------------------------+--------+
; Processors                 ; Number ;
+----------------------------+--------+
; Number detected on machine ; 8      ;
; Maximum allowed            ; 1      ;
+----------------------------+--------+


+-----------------------------------------------------------------------------------------------------------------------------------+
; Analysis & Synthesis Source Files Read                                                                                            ;
+----------------------------------+-----------------+------------------------+-------------------------------------------+---------+
; File Name with User-Entered Path ; Used in Netlist ; File Type              ; File Name with Absolute Path              ; Library ;
+----------------------------------+-----------------+------------------------+-------------------------------------------+---------+
; IMEM.v                           ; yes             ; User Verilog HDL File  ; F:/VerilogHDL/Lab4/IMEM.v                 ;         ;
; ../Lab3/RegisterFile.v           ; yes             ; User Verilog HDL File  ; F:/VerilogHDL/Lab3/RegisterFile.v         ;         ;
; ALU.v                            ; yes             ; User Verilog HDL File  ; F:/VerilogHDL/Lab4/ALU.v                  ;         ;
; ../../Lab4/DMEM.v                ; yes             ; User Verilog HDL File  ; F:/Lab4/DMEM.v                            ;         ;
; PC.v                             ; yes             ; User Verilog HDL File  ; F:/VerilogHDL/Lab4/PC.v                   ;         ;
; SignExtend.v                     ; yes             ; User Verilog HDL File  ; F:/VerilogHDL/Lab4/SignExtend.v           ;         ;
; ShiftLeft1.v                     ; yes             ; User Verilog HDL File  ; F:/VerilogHDL/Lab4/ShiftLeft1.v           ;         ;
; AddConst.v                       ; yes             ; User Verilog HDL File  ; F:/VerilogHDL/Lab4/AddConst.v             ;         ;
; Inc2.v                           ; yes             ; User Verilog HDL File  ; F:/VerilogHDL/Lab4/Inc2.v                 ;         ;
; Mux5bit.v                        ; yes             ; User Verilog HDL File  ; F:/VerilogHDL/Lab4/Mux5bit.v              ;         ;
; Mux16bit.v                       ; yes             ; User Verilog HDL File  ; F:/VerilogHDL/Lab4/Mux16bit.v             ;         ;
; Datapath.v                       ; yes             ; User Verilog HDL File  ; F:/VerilogHDL/Lab4/Datapath.v             ;         ;
; Mux3bit.v                        ; yes             ; User Verilog HDL File  ; F:/VerilogHDL/Lab4/Mux3bit.v              ;         ;
; Processer_Controller.v           ; yes             ; User Verilog HDL File  ; F:/VerilogHDL/Lab4/Processer_Controller.v ;         ;
; Processer_16bit.v                ; yes             ; User Verilog HDL File  ; F:/VerilogHDL/Lab4/Processer_16bit.v      ;         ;
; binary.txt                       ; yes             ; Auto-Found File        ; F:/VerilogHDL/Lab4/binary.txt             ;         ;
+----------------------------------+-----------------+------------------------+-------------------------------------------+---------+


+-----------------------------------------------------+
; Analysis & Synthesis Resource Usage Summary         ;
+---------------------------------------------+-------+
; Resource                                    ; Usage ;
+---------------------------------------------+-------+
; Estimated Total logic elements              ; 803   ;
;                                             ;       ;
; Total combinational functions               ; 595   ;
; Logic element usage by number of LUT inputs ;       ;
;     -- 4 input functions                    ; 452   ;
;     -- 3 input functions                    ; 135   ;
;     -- <=2 input functions                  ; 8     ;
;                                             ;       ;
; Logic elements by mode                      ;       ;
;     -- normal mode                          ; 575   ;
;     -- arithmetic mode                      ; 20    ;
;                                             ;       ;
; Total registers                             ; 245   ;
;     -- Dedicated logic registers            ; 245   ;
;     -- I/O registers                        ; 0     ;
;                                             ;       ;
; I/O pins                                    ; 80    ;
; Embedded Multiplier 9-bit elements          ; 0     ;
; Maximum fan-out node                        ; clk   ;
; Maximum fan-out                             ; 245   ;
; Total fan-out                               ; 3038  ;
; Average fan-out                             ; 3.30  ;
+---------------------------------------------+-------+


+----------------------------------------------------------------------------------------------------------------------------------------------------------------------------------------------------------------------------------------------------+
; Analysis & Synthesis Resource Utilization by Entity                                                                                                                                                                                                ;
+------------------------------------------------------+-------------------+--------------+-------------+--------------+---------+-----------+------+--------------+------------------------------------------------------------------+--------------+
; Compilation Hierarchy Node                           ; LC Combinationals ; LC Registers ; Memory Bits ; DSP Elements ; DSP 9x9 ; DSP 18x18 ; Pins ; Virtual Pins ; Full Hierarchy Name                                              ; Library Name ;
+------------------------------------------------------+-------------------+--------------+-------------+--------------+---------+-----------+------+--------------+------------------------------------------------------------------+--------------+
; |Processer_16bit                                     ; 595 (0)           ; 245 (0)      ; 0           ; 0            ; 0       ; 0         ; 80   ; 0            ; |Processer_16bit                                                 ; work         ;
;    |Datapath:Datapath_inst1|                         ; 577 (0)           ; 245 (0)      ; 0           ; 0            ; 0       ; 0         ; 0    ; 0            ; |Processer_16bit|Datapath:Datapath_inst1                         ; work         ;
;       |ALU:ALUBlock|                                 ; 236 (236)         ; 0 (0)        ; 0           ; 0            ; 0       ; 0         ; 0    ; 0            ; |Processer_16bit|Datapath:Datapath_inst1|ALU:ALUBlock            ; work         ;
;       |DMEM:DMEMBlock|                               ; 88 (88)           ; 128 (128)    ; 0           ; 0            ; 0       ; 0         ; 0    ; 0            ; |Processer_16bit|Datapath:Datapath_inst1|DMEM:DMEMBlock          ; work         ;
;       |IMEM:IMEMBlock|                               ; 36 (36)           ; 0 (0)        ; 0           ; 0            ; 0       ; 0         ; 0    ; 0            ; |Processer_16bit|Datapath:Datapath_inst1|IMEM:IMEMBlock          ; work         ;
;       |Inc2:Inc2Block|                               ; 5 (5)             ; 0 (0)        ; 0           ; 0            ; 0       ; 0         ; 0    ; 0            ; |Processer_16bit|Datapath:Datapath_inst1|Inc2:Inc2Block          ; work         ;
;       |Mux16bit:ALUSrcBlock|                         ; 19 (19)           ; 0 (0)        ; 0           ; 0            ; 0       ; 0         ; 0    ; 0            ; |Processer_16bit|Datapath:Datapath_inst1|Mux16bit:ALUSrcBlock    ; work         ;
;       |Mux16bit:WrSrcBlock|                          ; 16 (16)           ; 0 (0)        ; 0           ; 0            ; 0       ; 0         ; 0    ; 0            ; |Processer_16bit|Datapath:Datapath_inst1|Mux16bit:WrSrcBlock     ; work         ;
;       |Mux3bit:RegSrcBlock|                          ; 3 (3)             ; 0 (0)        ; 0           ; 0            ; 0       ; 0         ; 0    ; 0            ; |Processer_16bit|Datapath:Datapath_inst1|Mux3bit:RegSrcBlock     ; work         ;
;       |PC:PCBlock|                                   ; 5 (5)             ; 5 (5)        ; 0           ; 0            ; 0       ; 0         ; 0    ; 0            ; |Processer_16bit|Datapath:Datapath_inst1|PC:PCBlock              ; work         ;
;       |RegisterFile:RF|                              ; 169 (169)         ; 112 (112)    ; 0           ; 0            ; 0       ; 0         ; 0    ; 0            ; |Processer_16bit|Datapath:Datapath_inst1|RegisterFile:RF         ; work         ;
;    |Processer_Controller:Processer_Controller_inst0| ; 18 (18)           ; 0 (0)        ; 0           ; 0            ; 0       ; 0         ; 0    ; 0            ; |Processer_16bit|Processer_Controller:Processer_Controller_inst0 ; work         ;
+------------------------------------------------------+-------------------+--------------+-------------+--------------+---------+-----------+------+--------------+------------------------------------------------------------------+--------------+
Note: For table entries with two numbers listed, the numbers in parentheses indicate the number of resources of the given type used by the specific entity alone. The numbers listed outside of parentheses indicate the total resources of the given type used by the specific entity and all of its sub-entities in the hierarchy.


+--------------------------------------------------------------------------------------------------+
; Registers Removed During Synthesis                                                               ;
+---------------------------------------------------------+----------------------------------------+
; Register name                                           ; Reason for Removal                     ;
+---------------------------------------------------------+----------------------------------------+
; Datapath:Datapath_inst1|RegisterFile:RF|register[0][0]  ; Stuck at GND due to stuck port data_in ;
; Datapath:Datapath_inst1|RegisterFile:RF|register[0][1]  ; Stuck at GND due to stuck port data_in ;
; Datapath:Datapath_inst1|RegisterFile:RF|register[0][2]  ; Stuck at GND due to stuck port data_in ;
; Datapath:Datapath_inst1|RegisterFile:RF|register[0][3]  ; Stuck at GND due to stuck port data_in ;
; Datapath:Datapath_inst1|RegisterFile:RF|register[0][4]  ; Stuck at GND due to stuck port data_in ;
; Datapath:Datapath_inst1|RegisterFile:RF|register[0][5]  ; Stuck at GND due to stuck port data_in ;
; Datapath:Datapath_inst1|RegisterFile:RF|register[0][6]  ; Stuck at GND due to stuck port data_in ;
; Datapath:Datapath_inst1|RegisterFile:RF|register[0][7]  ; Stuck at GND due to stuck port data_in ;
; Datapath:Datapath_inst1|RegisterFile:RF|register[0][8]  ; Stuck at GND due to stuck port data_in ;
; Datapath:Datapath_inst1|RegisterFile:RF|register[0][9]  ; Stuck at GND due to stuck port data_in ;
; Datapath:Datapath_inst1|RegisterFile:RF|register[0][10] ; Stuck at GND due to stuck port data_in ;
; Datapath:Datapath_inst1|RegisterFile:RF|register[0][11] ; Stuck at GND due to stuck port data_in ;
; Datapath:Datapath_inst1|RegisterFile:RF|register[0][12] ; Stuck at GND due to stuck port data_in ;
; Datapath:Datapath_inst1|RegisterFile:RF|register[0][13] ; Stuck at GND due to stuck port data_in ;
; Datapath:Datapath_inst1|RegisterFile:RF|register[0][14] ; Stuck at GND due to stuck port data_in ;
; Datapath:Datapath_inst1|RegisterFile:RF|register[0][15] ; Stuck at GND due to stuck port data_in ;
; Total Number of Removed Registers = 16                  ;                                        ;
+---------------------------------------------------------+----------------------------------------+


+------------------------------------------------------+
; General Register Statistics                          ;
+----------------------------------------------+-------+
; Statistic                                    ; Value ;
+----------------------------------------------+-------+
; Total registers                              ; 245   ;
; Number of registers using Synchronous Clear  ; 0     ;
; Number of registers using Synchronous Load   ; 0     ;
; Number of registers using Asynchronous Clear ; 0     ;
; Number of registers using Asynchronous Load  ; 0     ;
; Number of registers using Clock Enable       ; 240   ;
; Number of registers using Preset             ; 0     ;
+----------------------------------------------+-------+


+----------------------------------------------------------------------------------------------------------------------------------------------------------------------------------------+
; Multiplexer Restructuring Statistics (Restructuring Performed)                                                                                                                         ;
+--------------------+-----------+---------------+----------------------+------------------------+------------+--------------------------------------------------------------------------+
; Multiplexer Inputs ; Bus Width ; Baseline Area ; Area if Restructured ; Saving if Restructured ; Registered ; Example Multiplexer Output                                               ;
+--------------------+-----------+---------------+----------------------+------------------------+------------+--------------------------------------------------------------------------+
; 3:1                ; 16 bits   ; 32 LEs        ; 16 LEs               ; 16 LEs                 ; Yes        ; |Processer_16bit|Datapath:Datapath_inst1|RegisterFile:RF|register[0][10] ;
; 8:1                ; 16 bits   ; 80 LEs        ; 80 LEs               ; 0 LEs                  ; No         ; |Processer_16bit|Datapath:Datapath_inst1|RegisterFile:RF|Mux16           ;
; 8:1                ; 16 bits   ; 80 LEs        ; 80 LEs               ; 0 LEs                  ; No         ; |Processer_16bit|Datapath:Datapath_inst1|RegisterFile:RF|Mux12           ;
; 17:1               ; 5 bits    ; 55 LEs        ; 30 LEs               ; 25 LEs                 ; No         ; |Processer_16bit|Datapath:Datapath_inst1|ALU:ALUBlock|Mux8               ;
; 18:1               ; 2 bits    ; 24 LEs        ; 12 LEs               ; 12 LEs                 ; No         ; |Processer_16bit|Datapath:Datapath_inst1|ALU:ALUBlock|Mux13              ;
; 19:1               ; 3 bits    ; 36 LEs        ; 21 LEs               ; 15 LEs                 ; No         ; |Processer_16bit|Datapath:Datapath_inst1|ALU:ALUBlock|Mux4               ;
; 19:1               ; 2 bits    ; 24 LEs        ; 16 LEs               ; 8 LEs                  ; No         ; |Processer_16bit|Datapath:Datapath_inst1|ALU:ALUBlock|Mux14              ;
+--------------------+-----------+---------------+----------------------+------------------------+------------+--------------------------------------------------------------------------+


+-----------------------------------------------------------------------------------------+
; Parameter Settings for User Entity Instance: Datapath:Datapath_inst1|Mux5bit:PCSrcBlock ;
+----------------+-------+----------------------------------------------------------------+
; Parameter Name ; Value ; Type                                                           ;
+----------------+-------+----------------------------------------------------------------+
; n              ; 6     ; Signed Integer                                                 ;
+----------------+-------+----------------------------------------------------------------+
Note: In order to hide this table in the UI and the text report file, please set the "Show Parameter Settings in Synthesis Report" option in "Analysis and Synthesis Settings -> More Settings" to "Off".


+------------------------------------------------------------------------------------------+
; Parameter Settings for User Entity Instance: Datapath:Datapath_inst1|Mux3bit:RegSrcBlock ;
+----------------+-------+-----------------------------------------------------------------+
; Parameter Name ; Value ; Type                                                            ;
+----------------+-------+-----------------------------------------------------------------+
; n              ; 3     ; Signed Integer                                                  ;
+----------------+-------+-----------------------------------------------------------------+
Note: In order to hide this table in the UI and the text report file, please set the "Show Parameter Settings in Synthesis Report" option in "Analysis and Synthesis Settings -> More Settings" to "Off".


+-------------------------------------------------------------------------------------------+
; Parameter Settings for User Entity Instance: Datapath:Datapath_inst1|Mux16bit:ALUSrcBlock ;
+----------------+-------+------------------------------------------------------------------+
; Parameter Name ; Value ; Type                                                             ;
+----------------+-------+------------------------------------------------------------------+
; n              ; 16    ; Signed Integer                                                   ;
+----------------+-------+------------------------------------------------------------------+
Note: In order to hide this table in the UI and the text report file, please set the "Show Parameter Settings in Synthesis Report" option in "Analysis and Synthesis Settings -> More Settings" to "Off".


+------------------------------------------------------------------------------------------+
; Parameter Settings for User Entity Instance: Datapath:Datapath_inst1|Mux16bit:WrSrcBlock ;
+----------------+-------+-----------------------------------------------------------------+
; Parameter Name ; Value ; Type                                                            ;
+----------------+-------+-----------------------------------------------------------------+
; n              ; 16    ; Signed Integer                                                  ;
+----------------+-------+-----------------------------------------------------------------+
Note: In order to hide this table in the UI and the text report file, please set the "Show Parameter Settings in Synthesis Report" option in "Analysis and Synthesis Settings -> More Settings" to "Off".


+----------------------------------------------------------------------------+
; Port Connectivity Checks: "Datapath:Datapath_inst1|AddConst:AddConstBlock" ;
+---------+-------+----------+-----------------------------------------------+
; Port    ; Type  ; Severity ; Details                                       ;
+---------+-------+----------+-----------------------------------------------+
; B_IN[0] ; Input ; Info     ; Stuck at GND                                  ;
+---------+-------+----------+-----------------------------------------------+


+-------------------------------+
; Elapsed Time Per Partition    ;
+----------------+--------------+
; Partition Name ; Elapsed Time ;
+----------------+--------------+
; Top            ; 00:00:06     ;
+----------------+--------------+


+-------------------------------+
; Analysis & Synthesis Messages ;
+-------------------------------+
Info: *******************************************************************
Info: Running Quartus II 64-Bit Analysis & Synthesis
    Info: Version 13.0.1 Build 232 06/12/2013 Service Pack 1 SJ Web Edition
    Info: Processing started: Sat Nov 28 14:22:19 2020
Info: Command: quartus_map --read_settings_files=on --write_settings_files=off 16bit_Processer -c 16bit_Processer
Warning (20028): Parallel compilation is not licensed and has been disabled
Info (12021): Found 1 design units, including 1 entities, in source file imem.v
    Info (12023): Found entity 1: IMEM
Info (12021): Found 1 design units, including 1 entities, in source file /veriloghdl/lab3/registerfile.v
    Info (12023): Found entity 1: RegisterFile
Info (12021): Found 1 design units, including 1 entities, in source file alu.v
    Info (12023): Found entity 1: ALU
Info (12021): Found 1 design units, including 1 entities, in source file /lab4/dmem.v
    Info (12023): Found entity 1: DMEM
Info (12021): Found 1 design units, including 1 entities, in source file pc.v
    Info (12023): Found entity 1: PC
Info (12021): Found 1 design units, including 1 entities, in source file signextend.v
    Info (12023): Found entity 1: SignExtend
Info (12021): Found 1 design units, including 1 entities, in source file shiftleft1.v
    Info (12023): Found entity 1: ShiftLeft1
Info (12021): Found 1 design units, including 1 entities, in source file addconst.v
    Info (12023): Found entity 1: AddConst
Info (12021): Found 1 design units, including 1 entities, in source file inc2.v
    Info (12023): Found entity 1: Inc2
Info (12021): Found 1 design units, including 1 entities, in source file mux5bit.v
    Info (12023): Found entity 1: Mux5bit
Info (12021): Found 1 design units, including 1 entities, in source file mux16bit.v
    Info (12023): Found entity 1: Mux16bit
Info (12021): Found 1 design units, including 1 entities, in source file datapath.v
    Info (12023): Found entity 1: Datapath
Info (12021): Found 1 design units, including 1 entities, in source file mux3bit.v
    Info (12023): Found entity 1: Mux3bit
Info (12021): Found 1 design units, including 1 entities, in source file processer_controller.v
    Info (12023): Found entity 1: Processer_Controller
Info (12021): Found 1 design units, including 1 entities, in source file processer_16bit.v
    Info (12023): Found entity 1: Processer_16bit
Info (12021): Found 1 design units, including 1 entities, in source file test.v
    Info (12023): Found entity 1: test
Info (12021): Found 1 design units, including 1 entities, in source file activate.v
    Info (12023): Found entity 1: activate
Info (12127): Elaborating entity "Processer_16bit" for the top level hierarchy
Info (12128): Elaborating entity "Processer_Controller" for hierarchy "Processer_Controller:Processer_Controller_inst0"
Info (12128): Elaborating entity "Datapath" for hierarchy "Datapath:Datapath_inst1"
Info (12128): Elaborating entity "Mux5bit" for hierarchy "Datapath:Datapath_inst1|Mux5bit:PCSrcBlock"
Info (12128): Elaborating entity "PC" for hierarchy "Datapath:Datapath_inst1|PC:PCBlock"
Info (12128): Elaborating entity "Inc2" for hierarchy "Datapath:Datapath_inst1|Inc2:Inc2Block"
Info (12128): Elaborating entity "IMEM" for hierarchy "Datapath:Datapath_inst1|IMEM:IMEMBlock"
Warning (10030): Net "rom.data_a" at IMEM.v(6) has no driver or initial value, using a default initial value '0'
Warning (10030): Net "rom.waddr_a" at IMEM.v(6) has no driver or initial value, using a default initial value '0'
Warning (10030): Net "rom.we_a" at IMEM.v(6) has no driver or initial value, using a default initial value '0'
Info (12128): Elaborating entity "Mux3bit" for hierarchy "Datapath:Datapath_inst1|Mux3bit:RegSrcBlock"
Info (12128): Elaborating entity "RegisterFile" for hierarchy "Datapath:Datapath_inst1|RegisterFile:RF"
Info (12128): Elaborating entity "SignExtend" for hierarchy "Datapath:Datapath_inst1|SignExtend:SignExtendBlock"
Info (12128): Elaborating entity "ShiftLeft1" for hierarchy "Datapath:Datapath_inst1|ShiftLeft1:SL1"
Info (12128): Elaborating entity "AddConst" for hierarchy "Datapath:Datapath_inst1|AddConst:AddConstBlock"
Info (12128): Elaborating entity "Mux16bit" for hierarchy "Datapath:Datapath_inst1|Mux16bit:ALUSrcBlock"
Info (12128): Elaborating entity "ALU" for hierarchy "Datapath:Datapath_inst1|ALU:ALUBlock"
Info (12128): Elaborating entity "DMEM" for hierarchy "Datapath:Datapath_inst1|DMEM:DMEMBlock"
Info (276014): Found 2 instances of uninferred RAM logic
    Info (276004): RAM logic "Datapath:Datapath_inst1|IMEM:IMEMBlock|rom" is uninferred due to inappropriate RAM size
    Info (276004): RAM logic "Datapath:Datapath_inst1|DMEM:DMEMBlock|dmem" is uninferred due to inappropriate RAM size
Info (16010): Generating hard_block partition "hard_block:auto_generated_inst"
    Info (16011): Adding 0 node(s), including 0 DDIO, 0 PLL, 0 transceiver and 0 LCELL
Info (21057): Implemented 915 device resources after synthesis - the final resource count might be different
    Info (21058): Implemented 1 input pins
    Info (21059): Implemented 79 output pins
    Info (21061): Implemented 835 logic cells
Info: Quartus II 64-Bit Analysis & Synthesis was successful. 0 errors, 4 warnings
    Info: Peak virtual memory: 4602 megabytes
    Info: Processing ended: Sat Nov 28 14:22:28 2020
    Info: Elapsed time: 00:00:09
    Info: Total CPU time (on all processors): 00:00:08


