Flow report for 16bit_Processer
Sat Nov 28 14:22:55 2020
Quartus II 64-Bit Version 13.0.1 Build 232 06/12/2013 Service Pack 1 SJ Web Edition


---------------------
; Table of Contents ;
---------------------
  1. Legal Notice
  2. Flow Summary
  3. Flow Settings
  4. Flow Non-Default Global Settings
  5. Flow Elapsed Time
  6. Flow OS Summary
  7. Flow Log
  8. Flow Messages
  9. Flow Suppressed Messages



----------------
; Legal Notice ;
----------------
Copyright (C) 1991-2013 Altera Corporation
Your use of Altera Corporation's design tools, logic functions 
and other software and tools, and its AMPP partner logic 
functions, and any output files from any of the foregoing 
(including device programming or simulation files), and any 
associated documentation or information are expressly subject 
to the terms and conditions of the Altera Program License 
Subscription Agreement, Altera MegaCore Function License 
Agreement, or other applicable license agreement, including, 
without limitation, that your use is for the sole purpose of 
programming logic devices manufactured by Altera and sold by 
Altera or its authorized distributors.  Please refer to the 
applicable agreement for further details.



+-------------------------------------------------------------------------------------------+
; Flow Summary                                                                              ;
+------------------------------------+------------------------------------------------------+
; Flow Status                        ; EDA Netlist Writer Failed - Sat Nov 28 14:22:55 2020 ;
; Quartus II 64-Bit Version          ; 13.0.1 Build 232 06/12/2013 SP 1 SJ Web Edition      ;
; Revision Name                      ; 16bit_Processer                                      ;
; Top-level Entity Name              ; Processer_16bit                                      ;
; Family                             ; Cyclone II                                           ;
; Device                             ; EP2C35F672C6                                         ;
; Timing Models                      ; Final                                                ;
; Total logic elements               ; 803                                                  ;
;     Total combinational functions  ; 595                                                  ;
;     Dedicated logic registers      ; 245                                                  ;
; Total registers                    ; 245                                                  ;
; Total pins                         ; 80                                                   ;
; Total virtual pins                 ; 0                                                    ;
; Total memory bits                  ; 0                                                    ;
; Embedded Multiplier 9-bit elements ; 0                                                    ;
; Total PLLs                         ; 0                                                    ;
+------------------------------------+------------------------------------------------------+


+-----------------------------------------+
; Flow Settings                           ;
+-------------------+---------------------+
; Option            ; Setting             ;
+-------------------+---------------------+
; Start date & time ; 11/28/2020 14:22:20 ;
; Main task         ; Compilation         ;
; Revision Name     ; 16bit_Processer     ;
+-------------------+---------------------+


+----------------------------------------------------------------------------------------------------------------------------------+
; Flow Non-Default Global Settings                                                                                                 ;
+-------------------------------------+---------------------------------------+-----------------+-----------------+----------------+
; Assignment Name                     ; Value                                 ; Default Value   ; Entity Name     ; Section Id     ;
+-------------------------------------+---------------------------------------+-----------------+-----------------+----------------+
; COMPILER_SIGNATURE_ID               ; 93180997018281.160654814013372        ; --              ; --              ; --             ;
; EDA_GENERATE_FUNCTIONAL_NETLIST     ; On                                    ; --              ; --              ; eda_simulation ;
; EDA_OUTPUT_DATA_FORMAT              ; Verilog Hdl                           ; --              ; --              ; eda_simulation ;
; EDA_SIMULATION_TOOL                 ; ModelSim-Altera (Verilog)             ; <None>          ; --              ; --             ;
; MAX_CORE_JUNCTION_TEMP              ; 85                                    ; --              ; --              ; --             ;
; MIN_CORE_JUNCTION_TEMP              ; 0                                     ; --              ; --              ; --             ;
; PARTITION_COLOR                     ; 16764057                              ; --              ; Processer_16bit ; Top            ;
; PARTITION_FITTER_PRESERVATION_LEVEL ; PLACEMENT_AND_ROUTING                 ; --              ; Processer_16bit ; Top            ;
; PARTITION_NETLIST_TYPE              ; SOURCE                                ; --              ; Processer_16bit ; Top            ;
; POWER_BOARD_THERMAL_MODEL           ; None (CONSERVATIVE)                   ; --              ; --              ; --             ;
; POWER_PRESET_COOLING_SOLUTION       ; 23 MM HEAT SINK WITH 200 LFPM AIRFLOW ; --              ; --              ; --             ;
; PROJECT_OUTPUT_DIRECTORY            ; output_files                          ; --              ; --              ; --             ;
; TOP_LEVEL_ENTITY                    ; Processer_16bit                       ; 16bit_Processer ; --              ; --             ;
+-------------------------------------+---------------------------------------+-----------------+-----------------+----------------+


+--------------------------------------------------------------------------------------------------------------------------+
; Flow Elapsed Time                                                                                                        ;
+----------------------+--------------+-------------------------+---------------------+------------------------------------+
; Module Name          ; Elapsed Time ; Average Processors Used ; Peak Virtual Memory ; Total CPU Time (on all processors) ;
+----------------------+--------------+-------------------------+---------------------+------------------------------------+
; Analysis & Synthesis ; 00:00:08     ; 1.0                     ; 4591 MB             ; 00:00:07                           ;
; EDA Netlist Writer   ; 00:00:02     ; 1.0                     ; 4523 MB             ; 00:00:01                           ;
; Total                ; 00:00:10     ; --                      ; --                  ; 00:00:08                           ;
+----------------------+--------------+-------------------------+---------------------+------------------------------------+


+-----------------------------------------------------------------------------------+
; Flow OS Summary                                                                   ;
+----------------------+------------------+-----------+------------+----------------+
; Module Name          ; Machine Hostname ; OS Name   ; OS Version ; Processor type ;
+----------------------+------------------+-----------+------------+----------------+
; Analysis & Synthesis ; DESKTOP-SJSTQVJ  ; Windows 7 ; 6.2        ; x86_64         ;
; EDA Netlist Writer   ; DESKTOP-SJSTQVJ  ; Windows 7 ; 6.2        ; x86_64         ;
+----------------------+------------------+-----------+------------+----------------+


------------
; Flow Log ;
------------
quartus_map --read_settings_files=on --write_settings_files=off 16bit_Processer -c 16bit_Processer
quartus_eda --gen_testbench --check_outputs=on --tool=modelsim_oem --format=verilog 16bit_Processer -c 16bit_Processer --vector_source=F:/VerilogHDL/Lab4/Waveform14.vwf --testbench_file=./simulation/qsim/16bit_Processer.vt



