EDA Netlist Writer report for 16bit_Processer
Sat Nov 28 14:22:55 2020
Quartus II 64-Bit Version 13.0.1 Build 232 06/12/2013 Service Pack 1 SJ Web Edition


---------------------
; Table of Contents ;
---------------------
  1. Legal Notice
  2. EDA Netlist Writer Summary
  3. EDA Netlist Writer Messages



----------------
; Legal Notice ;
----------------
Copyright (C) 1991-2013 Altera Corporation
Your use of Altera Corporation's design tools, logic functions 
and other software and tools, and its AMPP partner logic 
functions, and any output files from any of the foregoing 
(including device programming or simulation files), and any 
associated documentation or information are expressly subject 
to the terms and conditions of the Altera Program License 
Subscription Agreement, Altera MegaCore Function License 
Agreement, or other applicable license agreement, including, 
without limitation, that your use is for the sole purpose of 
programming logic devices manufactured by Altera and sold by 
Altera or its authorized distributors.  Please refer to the 
applicable agreement for further details.



+---------------------------------------------------------------+
; EDA Netlist Writer Summary                                    ;
+---------------------------+-----------------------------------+
; EDA Netlist Writer Status ; Failed - Sat Nov 28 14:22:55 2020 ;
; Revision Name             ; 16bit_Processer                   ;
; Top-level Entity Name     ; Processer_16bit                   ;
; Family                    ; Cyclone II                        ;
+---------------------------+-----------------------------------+


+-----------------------------+
; EDA Netlist Writer Messages ;
+-----------------------------+
Info: *******************************************************************
Info: Running Quartus II 64-Bit EDA Netlist Writer
    Info: Version 13.0.1 Build 232 06/12/2013 Service Pack 1 SJ Web Edition
    Info: Processing started: Sat Nov 28 14:22:53 2020
Info: Command: quartus_eda --gen_testbench --check_outputs=on --tool=modelsim_oem --format=verilog 16bit_Processer -c 16bit_Processer --vector_source=F:/VerilogHDL/Lab4/Waveform14.vwf --testbench_file=./simulation/qsim/16bit_Processer.vt
Info (119006): Selected device EP2C35F672C6 for design "16bit_Processer"
Error (201009): Bus port "PC_o" specified in vector source file has width of 6, which does not match width 5 of top level port of same name
Warning (201007): Can't find port "PC_o[5]" in design
Error (201009): Bus port "PC_o" specified in vector source file has width of 6, which does not match width 5 of top level port of same name
Warning (201007): Can't find port "PC_o[5]" in design
Info (201000): Generated Verilog Test Bench File ./simulation/qsim/16bit_Processer.vt for simulation
Error: Quartus II 64-Bit EDA Netlist Writer was unsuccessful. 2 errors, 2 warnings
    Error: Peak virtual memory: 4523 megabytes
    Error: Processing ended: Sat Nov 28 14:22:55 2020
    Error: Elapsed time: 00:00:02
    Error: Total CPU time (on all processors): 00:00:01


